TN:
SF:server/app.ts
FN:43,(anonymous_0)
FN:59,(anonymous_1)
FN:67,(anonymous_2)
FNF:3
FNH:0
FNDA:0,(anonymous_0)
FNDA:0,(anonymous_1)
FNDA:0,(anonymous_2)
DA:16,0
DA:19,0
DA:20,0
DA:21,0
DA:22,0
DA:25,0
DA:28,0
DA:31,0
DA:39,0
DA:40,0
DA:43,0
DA:44,0
DA:53,0
DA:54,0
DA:55,0
DA:56,0
DA:59,0
DA:60,0
DA:67,0
DA:68,0
DA:69,0
LF:21
LH:0
BRDA:20,0,0,0
BRDA:32,1,0,0
BRDA:32,1,1,0
BRDA:47,2,0,0
BRDA:47,2,1,0
BRF:5
BRH:0
end_of_record
TN:
SF:server/index.ts
FN:68,(anonymous_0)
FN:111,(anonymous_1)
FN:124,(anonymous_2)
FN:137,(anonymous_3)
FN:149,(anonymous_4)
FN:216,(anonymous_5)
FN:258,(anonymous_6)
FN:265,(anonymous_7)
FN:293,(anonymous_8)
FN:316,(anonymous_9)
FN:340,(anonymous_10)
FN:345,(anonymous_11)
FN:355,(anonymous_12)
FN:378,(anonymous_13)
FN:389,(anonymous_14)
FN:400,(anonymous_15)
FN:411,(anonymous_16)
FN:422,(anonymous_17)
FN:437,(anonymous_18)
FN:456,(anonymous_19)
FN:467,(anonymous_20)
FN:473,(anonymous_21)
FN:478,(anonymous_22)
FN:485,(anonymous_23)
FN:487,(anonymous_24)
FN:492,(anonymous_25)
FN:494,(anonymous_26)
FNF:27
FNH:0
FNDA:0,(anonymous_0)
FNDA:0,(anonymous_1)
FNDA:0,(anonymous_2)
FNDA:0,(anonymous_3)
FNDA:0,(anonymous_4)
FNDA:0,(anonymous_5)
FNDA:0,(anonymous_6)
FNDA:0,(anonymous_7)
FNDA:0,(anonymous_8)
FNDA:0,(anonymous_9)
FNDA:0,(anonymous_10)
FNDA:0,(anonymous_11)
FNDA:0,(anonymous_12)
FNDA:0,(anonymous_13)
FNDA:0,(anonymous_14)
FNDA:0,(anonymous_15)
FNDA:0,(anonymous_16)
FNDA:0,(anonymous_17)
FNDA:0,(anonymous_18)
FNDA:0,(anonymous_19)
FNDA:0,(anonymous_20)
FNDA:0,(anonymous_21)
FNDA:0,(anonymous_22)
FNDA:0,(anonymous_23)
FNDA:0,(anonymous_24)
FNDA:0,(anonymous_25)
FNDA:0,(anonymous_26)
DA:13,0
DA:16,0
DA:17,0
DA:18,0
DA:19,0
DA:22,0
DA:23,0
DA:26,0
DA:29,0
DA:37,0
DA:45,0
DA:54,0
DA:55,0
DA:68,0
DA:69,0
DA:70,0
DA:71,0
DA:73,0
DA:74,0
DA:78,0
DA:80,0
DA:81,0
DA:85,0
DA:87,0
DA:88,0
DA:92,0
DA:93,0
DA:96,0
DA:97,0
DA:99,0
DA:100,0
DA:102,0
DA:103,0
DA:105,0
DA:106,0
DA:111,0
DA:112,0
DA:113,0
DA:116,0
DA:117,0
DA:120,0
DA:124,0
DA:125,0
DA:126,0
DA:129,0
DA:130,0
DA:133,0
DA:137,0
DA:138,0
DA:146,0
DA:150,0
DA:152,0
DA:153,0
DA:154,0
DA:160,0
DA:163,0
DA:164,0
DA:167,0
DA:169,0
DA:170,0
DA:174,0
DA:176,0
DA:177,0
DA:181,0
DA:196,0
DA:206,0
DA:208,0
DA:209,0
DA:213,0
DA:217,0
DA:219,0
DA:220,0
DA:221,0
DA:227,0
DA:230,0
DA:231,0
DA:235,0
DA:236,0
DA:237,0
DA:241,0
DA:242,0
DA:245,0
DA:251,0
DA:253,0
DA:254,0
DA:258,0
DA:260,0
DA:263,0
DA:266,0
DA:268,0
DA:269,0
DA:270,0
DA:276,0
DA:279,0
DA:280,0
DA:285,0
DA:287,0
DA:288,0
DA:293,0
DA:294,0
DA:295,0
DA:298,0
DA:299,0
DA:302,0
DA:304,0
DA:305,0
DA:308,0
DA:309,0
DA:311,0
DA:312,0
DA:316,0
DA:317,0
DA:318,0
DA:321,0
DA:322,0
DA:325,0
DA:327,0
DA:328,0
DA:331,0
DA:332,0
DA:334,0
DA:335,0
DA:340,0
DA:341,0
DA:345,0
DA:346,0
DA:347,0
DA:348,0
DA:350,0
DA:351,0
DA:355,0
DA:356,0
DA:357,0
DA:360,0
DA:361,0
DA:364,0
DA:366,0
DA:367,0
DA:370,0
DA:372,0
DA:373,0
DA:378,0
DA:379,0
DA:380,0
DA:381,0
DA:383,0
DA:384,0
DA:389,0
DA:390,0
DA:391,0
DA:392,0
DA:394,0
DA:395,0
DA:400,0
DA:401,0
DA:402,0
DA:403,0
DA:405,0
DA:406,0
DA:411,0
DA:412,0
DA:413,0
DA:414,0
DA:416,0
DA:417,0
DA:422,0
DA:423,0
DA:424,0
DA:429,0
DA:431,0
DA:432,0
DA:437,0
DA:438,0
DA:439,0
DA:440,0
DA:441,0
DA:442,0
DA:444,0
DA:451,0
DA:452,0
DA:456,0
DA:457,0
DA:458,0
DA:459,0
DA:461,0
DA:462,0
DA:467,0
DA:468,0
DA:469,0
DA:473,0
DA:474,0
DA:478,0
DA:479,0
DA:480,0
DA:481,0
DA:485,0
DA:486,0
DA:487,0
DA:488,0
DA:492,0
DA:493,0
DA:494,0
DA:495,0
LF:203
LH:0
BRDA:17,0,0,0
BRDA:23,1,0,0
BRDA:23,1,1,0
BRDA:30,2,0,0
BRDA:30,2,1,0
BRDA:71,3,0,0
BRDA:71,3,1,0
BRDA:73,4,0,0
BRDA:80,5,0,0
BRDA:80,6,0,0
BRDA:80,6,1,0
BRDA:87,7,0,0
BRDA:92,8,0,0
BRDA:99,9,0,0
BRDA:102,10,0,0
BRDA:112,11,0,0
BRDA:116,12,0,0
BRDA:116,13,0,0
BRDA:116,13,1,0
BRDA:125,14,0,0
BRDA:129,15,0,0
BRDA:141,16,0,0
BRDA:141,16,1,0
BRDA:153,17,0,0
BRDA:163,18,0,0
BRDA:163,19,0,0
BRDA:163,19,1,0
BRDA:169,20,0,0
BRDA:176,21,0,0
BRDA:220,22,0,0
BRDA:230,23,0,0
BRDA:230,24,0,0
BRDA:230,24,1,0
BRDA:236,25,0,0
BRDA:269,26,0,0
BRDA:279,27,0,0
BRDA:298,28,0,0
BRDA:298,29,0,0
BRDA:298,29,1,0
BRDA:304,30,0,0
BRDA:308,31,0,0
BRDA:308,31,1,0
BRDA:321,32,0,0
BRDA:321,33,0,0
BRDA:321,33,1,0
BRDA:327,34,0,0
BRDA:360,35,0,0
BRDA:360,36,0,0
BRDA:360,36,1,0
BRDA:366,37,0,0
BRDA:481,38,0,0
BRDA:481,38,1,0
BRF:52
BRH:0
end_of_record
TN:
SF:server/server.ts
FN:7,(anonymous_0)
FN:27,(anonymous_1)
FN:31,(anonymous_2)
FN:43,(anonymous_3)
FN:50,(anonymous_4)
FN:51,(anonymous_5)
FN:54,(anonymous_6)
FN:60,(anonymous_7)
FNF:8
FNH:0
FNDA:0,(anonymous_0)
FNDA:0,(anonymous_1)
FNDA:0,(anonymous_2)
FNDA:0,(anonymous_3)
FNDA:0,(anonymous_4)
FNDA:0,(anonymous_5)
FNDA:0,(anonymous_6)
FNDA:0,(anonymous_7)
DA:4,0
DA:7,0
DA:8,0
DA:9,0
DA:10,0
DA:11,0
DA:14,0
DA:15,0
DA:16,0
DA:17,0
DA:19,0
DA:22,0
DA:27,0
DA:28,0
DA:31,0
DA:32,0
DA:35,0
DA:37,0
DA:38,0
DA:39,0
DA:43,0
DA:44,0
DA:45,0
DA:50,0
DA:51,0
DA:54,0
DA:55,0
DA:56,0
DA:60,0
DA:61,0
DA:62,0
LF:31
LH:0
BRDA:4,0,0,0
BRDA:4,0,1,0
BRDA:10,1,0,0
BRDA:10,1,1,0
BRDA:16,2,0,0
BRDA:16,2,1,0
BRF:6
BRH:0
end_of_record
TN:
SF:server/controllers/adminController.ts
FN:9,(anonymous_0)
FN:33,(anonymous_1)
FN:67,(anonymous_2)
FN:106,(anonymous_3)
FN:149,(anonymous_4)
FN:191,(anonymous_5)
FN:225,(anonymous_6)
FN:260,(anonymous_7)
FN:284,(anonymous_8)
FNF:9
FNH:0
FNDA:0,(anonymous_0)
FNDA:0,(anonymous_1)
FNDA:0,(anonymous_2)
FNDA:0,(anonymous_3)
FNDA:0,(anonymous_4)
FNDA:0,(anonymous_5)
FNDA:0,(anonymous_6)
FNDA:0,(anonymous_7)
FNDA:0,(anonymous_8)
DA:10,0
DA:11,0
DA:13,0
DA:14,0
DA:16,0
DA:22,0
DA:23,0
DA:34,0
DA:35,0
DA:38,0
DA:39,0
DA:45,0
DA:47,0
DA:48,0
DA:50,0
DA:56,0
DA:57,0
DA:68,0
DA:69,0
DA:71,0
DA:72,0
DA:76,0
DA:79,0
DA:81,0
DA:82,0
DA:83,0
DA:84,0
DA:89,0
DA:95,0
DA:96,0
DA:107,0
DA:108,0
DA:109,0
DA:111,0
DA:112,0
DA:116,0
DA:119,0
DA:120,0
DA:124,0
DA:127,0
DA:129,0
DA:130,0
DA:132,0
DA:138,0
DA:139,0
DA:150,0
DA:151,0
DA:153,0
DA:154,0
DA:158,0
DA:161,0
DA:163,0
DA:164,0
DA:168,0
DA:169,0
DA:174,0
DA:180,0
DA:181,0
DA:192,0
DA:193,0
DA:195,0
DA:196,0
DA:200,0
DA:203,0
DA:205,0
DA:206,0
DA:208,0
DA:214,0
DA:215,0
DA:226,0
DA:227,0
DA:228,0
DA:230,0
DA:231,0
DA:235,0
DA:238,0
DA:240,0
DA:241,0
DA:243,0
DA:249,0
DA:250,0
DA:261,0
DA:262,0
DA:264,0
DA:265,0
DA:267,0
DA:273,0
DA:274,0
DA:285,0
DA:286,0
DA:289,0
DA:290,0
DA:296,0
DA:303,0
DA:305,0
DA:306,0
DA:308,0
DA:314,0
DA:315,0
LF:99
LH:0
BRDA:13,0,0,0
BRDA:13,0,1,0
BRDA:38,1,0,0
BRDA:38,2,0,0
BRDA:38,2,1,0
BRDA:47,3,0,0
BRDA:47,3,1,0
BRDA:71,4,0,0
BRDA:71,5,0,0
BRDA:71,5,1,0
BRDA:81,6,0,0
BRDA:81,6,1,0
BRDA:83,7,0,0
BRDA:83,7,1,0
BRDA:111,8,0,0
BRDA:111,9,0,0
BRDA:111,9,1,0
BRDA:119,10,0,0
BRDA:119,11,0,0
BRDA:119,11,1,0
BRDA:129,12,0,0
BRDA:129,12,1,0
BRDA:153,13,0,0
BRDA:153,14,0,0
BRDA:153,14,1,0
BRDA:163,15,0,0
BRDA:163,15,1,0
BRDA:168,16,0,0
BRDA:168,16,1,0
BRDA:195,17,0,0
BRDA:195,18,0,0
BRDA:195,18,1,0
BRDA:205,19,0,0
BRDA:205,19,1,0
BRDA:230,20,0,0
BRDA:230,21,0,0
BRDA:230,21,1,0
BRDA:240,22,0,0
BRDA:240,22,1,0
BRDA:264,23,0,0
BRDA:264,23,1,0
BRDA:289,24,0,0
BRDA:289,25,0,0
BRDA:289,25,1,0
BRDA:305,26,0,0
BRDA:305,26,1,0
BRF:46
BRH:0
end_of_record
TN:
SF:server/controllers/authController.ts
FN:9,(anonymous_0)
FN:44,(anonymous_1)
FN:83,(anonymous_2)
FN:121,(anonymous_3)
FN:159,(anonymous_4)
FN:197,(anonymous_5)
FN:235,(anonymous_6)
FNF:7
FNH:0
FNDA:0,(anonymous_0)
FNDA:0,(anonymous_1)
FNDA:0,(anonymous_2)
FNDA:0,(anonymous_3)
FNDA:0,(anonymous_4)
FNDA:0,(anonymous_5)
FNDA:0,(anonymous_6)
DA:10,0
DA:11,0
DA:14,0
DA:15,0
DA:19,0
DA:22,0
DA:24,0
DA:25,0
DA:27,0
DA:33,0
DA:34,0
DA:45,0
DA:46,0
DA:49,0
DA:50,0
DA:54,0
DA:57,0
DA:59,0
DA:60,0
DA:66,0
DA:72,0
DA:73,0
DA:84,0
DA:86,0
DA:88,0
DA:89,0
DA:93,0
DA:96,0
DA:98,0
DA:99,0
DA:104,0
DA:110,0
DA:111,0
DA:122,0
DA:123,0
DA:126,0
DA:127,0
DA:131,0
DA:134,0
DA:136,0
DA:137,0
DA:142,0
DA:148,0
DA:149,0
DA:160,0
DA:161,0
DA:164,0
DA:165,0
DA:169,0
DA:172,0
DA:174,0
DA:175,0
DA:180,0
DA:186,0
DA:187,0
DA:198,0
DA:199,0
DA:202,0
DA:203,0
DA:207,0
DA:210,0
DA:212,0
DA:213,0
DA:218,0
DA:224,0
DA:225,0
DA:236,0
DA:237,0
DA:239,0
DA:240,0
DA:244,0
DA:247,0
DA:252,0
DA:253,0
LF:74
LH:0
BRDA:14,0,0,0
BRDA:14,1,0,0
BRDA:14,1,1,0
BRDA:24,2,0,0
BRDA:24,2,1,0
BRDA:24,3,0,0
BRDA:24,3,1,0
BRDA:49,4,0,0
BRDA:49,5,0,0
BRDA:49,5,1,0
BRDA:59,6,0,0
BRDA:59,6,1,0
BRDA:88,7,0,0
BRDA:98,8,0,0
BRDA:98,8,1,0
BRDA:126,9,0,0
BRDA:136,10,0,0
BRDA:136,10,1,0
BRDA:164,11,0,0
BRDA:164,12,0,0
BRDA:164,12,1,0
BRDA:174,13,0,0
BRDA:174,13,1,0
BRDA:202,14,0,0
BRDA:202,15,0,0
BRDA:202,15,1,0
BRDA:212,16,0,0
BRDA:212,16,1,0
BRDA:239,17,0,0
BRF:29
BRH:0
end_of_record
TN:
SF:server/controllers/companyController.ts
FN:9,(anonymous_0)
FN:43,(anonymous_1)
FN:82,(anonymous_2)
FN:117,(anonymous_3)
FN:152,(anonymous_4)
FN:194,(anonymous_5)
FN:228,(anonymous_6)
FN:265,(anonymous_7)
FNF:8
FNH:0
FNDA:0,(anonymous_0)
FNDA:0,(anonymous_1)
FNDA:0,(anonymous_2)
FNDA:0,(anonymous_3)
FNDA:0,(anonymous_4)
FNDA:0,(anonymous_5)
FNDA:0,(anonymous_6)
FNDA:0,(anonymous_7)
DA:10,0
DA:11,0
DA:14,0
DA:15,0
DA:21,0
DA:23,0
DA:24,0
DA:26,0
DA:32,0
DA:33,0
DA:44,0
DA:45,0
DA:47,0
DA:48,0
DA:52,0
DA:55,0
DA:57,0
DA:58,0
DA:59,0
DA:60,0
DA:65,0
DA:71,0
DA:72,0
DA:83,0
DA:84,0
DA:87,0
DA:88,0
DA:92,0
DA:95,0
DA:97,0
DA:98,0
DA:100,0
DA:106,0
DA:107,0
DA:118,0
DA:119,0
DA:120,0
DA:122,0
DA:123,0
DA:127,0
DA:130,0
DA:132,0
DA:133,0
DA:135,0
DA:141,0
DA:142,0
DA:153,0
DA:154,0
DA:156,0
DA:157,0
DA:161,0
DA:164,0
DA:166,0
DA:167,0
DA:171,0
DA:172,0
DA:177,0
DA:183,0
DA:184,0
DA:195,0
DA:196,0
DA:198,0
DA:199,0
DA:203,0
DA:206,0
DA:208,0
DA:209,0
DA:211,0
DA:217,0
DA:218,0
DA:229,0
DA:230,0
DA:232,0
DA:233,0
DA:237,0
DA:240,0
DA:245,0
DA:246,0
DA:248,0
DA:254,0
DA:255,0
DA:266,0
DA:267,0
DA:269,0
DA:270,0
DA:272,0
DA:278,0
DA:279,0
LF:88
LH:0
BRDA:14,0,0,0
BRDA:14,1,0,0
BRDA:14,1,1,0
BRDA:23,2,0,0
BRDA:23,2,1,0
BRDA:47,3,0,0
BRDA:47,4,0,0
BRDA:47,4,1,0
BRDA:57,5,0,0
BRDA:57,5,1,0
BRDA:59,6,0,0
BRDA:59,6,1,0
BRDA:87,7,0,0
BRDA:87,8,0,0
BRDA:87,8,1,0
BRDA:97,9,0,0
BRDA:97,9,1,0
BRDA:122,10,0,0
BRDA:122,11,0,0
BRDA:122,11,1,0
BRDA:132,12,0,0
BRDA:132,12,1,0
BRDA:156,13,0,0
BRDA:156,14,0,0
BRDA:156,14,1,0
BRDA:166,15,0,0
BRDA:166,15,1,0
BRDA:171,16,0,0
BRDA:171,16,1,0
BRDA:198,17,0,0
BRDA:198,18,0,0
BRDA:198,18,1,0
BRDA:208,19,0,0
BRDA:208,19,1,0
BRDA:232,20,0,0
BRDA:232,21,0,0
BRDA:232,21,1,0
BRDA:245,22,0,0
BRDA:245,22,1,0
BRDA:269,23,0,0
BRDA:269,23,1,0
BRF:41
BRH:0
end_of_record
TN:
SF:server/middleware/auth.ts
FN:21,(anonymous_0)
FN:97,(anonymous_1)
FN:124,(anonymous_2)
FN:151,(anonymous_3)
FNF:4
FNH:0
FNDA:0,(anonymous_0)
FNDA:0,(anonymous_1)
FNDA:0,(anonymous_2)
FNDA:0,(anonymous_3)
DA:12,0
DA:13,0
DA:14,0
DA:15,0
DA:21,0
DA:26,0
DA:27,0
DA:28,0
DA:30,0
DA:31,0
DA:35,0
DA:39,0
DA:41,0
DA:42,0
DA:46,0
DA:50,0
DA:52,0
DA:53,0
DA:57,0
DA:61,0
DA:62,0
DA:66,0
DA:69,0
DA:70,0
DA:72,0
DA:73,0
DA:77,0
DA:79,0
DA:80,0
DA:84,0
DA:86,0
DA:87,0
DA:97,0
DA:102,0
DA:103,0
DA:107,0
DA:110,0
DA:111,0
DA:115,0
DA:118,0
DA:124,0
DA:129,0
DA:130,0
DA:134,0
DA:137,0
DA:138,0
DA:142,0
DA:145,0
DA:151,0
DA:156,0
DA:157,0
DA:158,0
DA:160,0
DA:161,0
DA:162,0
DA:163,0
DA:164,0
DA:165,0
DA:170,0
DA:173,0
LF:60
LH:0
BRDA:13,0,0,0
BRDA:28,1,0,0
BRDA:28,1,1,0
BRDA:30,2,0,0
BRDA:41,3,0,0
BRDA:41,4,0,0
BRDA:41,4,1,0
BRDA:52,5,0,0
BRDA:61,6,0,0
BRDA:72,7,0,0
BRDA:79,8,0,0
BRDA:102,9,0,0
BRDA:110,10,0,0
BRDA:110,11,0,0
BRDA:110,11,1,0
BRDA:129,12,0,0
BRDA:137,13,0,0
BRDA:158,14,0,0
BRDA:158,14,1,0
BRDA:160,15,0,0
BRDA:162,16,0,0
BRDA:164,17,0,0
BRDA:164,18,0,0
BRDA:164,18,1,0
BRF:24
BRH:0
end_of_record
TN:
SF:server/middleware/rateLimit.ts
FNF:0
FNH:0
DA:8,0
DA:24,0
DA:39,0
DA:54,0
DA:69,0
LF:5
LH:0
BRDA:9,0,0,0
BRDA:9,0,1,0
BRDA:10,1,0,0
BRDA:10,1,1,0
BRDA:14,2,0,0
BRDA:14,2,1,0
BRDA:25,3,0,0
BRDA:25,3,1,0
BRDA:26,4,0,0
BRDA:26,4,1,0
BRDA:30,5,0,0
BRDA:30,5,1,0
BRDA:40,6,0,0
BRDA:40,6,1,0
BRDA:41,7,0,0
BRDA:41,7,1,0
BRDA:45,8,0,0
BRDA:45,8,1,0
BRDA:55,9,0,0
BRDA:55,9,1,0
BRDA:56,10,0,0
BRDA:56,10,1,0
BRDA:60,11,0,0
BRDA:60,11,1,0
BRDA:70,12,0,0
BRDA:70,12,1,0
BRDA:71,13,0,0
BRDA:71,13,1,0
BRDA:75,14,0,0
BRDA:75,14,1,0
BRF:30
BRH:0
end_of_record
TN:
SF:server/middleware/validation.ts
FN:8,(anonymous_0)
FN:18,(anonymous_1)
FN:193,(anonymous_2)
FNF:3
FNH:0
FNDA:0,(anonymous_0)
FNDA:0,(anonymous_1)
FNDA:0,(anonymous_2)
DA:8,0
DA:13,0
DA:14,0
DA:15,0
DA:18,0
DA:20,0
DA:22,0
DA:28,0
DA:64,0
DA:135,0
DA:161,0
DA:175,0
DA:191,0
DA:194,0
DA:195,0
DA:199,0
DA:200,0
DA:204,0
DA:205,0
DA:206,0
DA:209,0
LF:21
LH:0
BRDA:14,0,0,0
BRDA:194,1,0,0
BRDA:199,2,0,0
BRDA:205,3,0,0
BRF:4
BRH:0
end_of_record
TN:
SF:server/routes/admin.ts
FNF:0
FNH:0
DA:7,0
DA:10,0
DA:11,0
DA:18,0
DA:28,0
DA:39,0
DA:50,0
DA:61,0
DA:73,0
DA:83,0
DA:93,0
DA:103,0
LF:12
LH:0
BRF:0
BRH:0
end_of_record
TN:
SF:server/routes/auth.ts
FNF:0
FNH:0
DA:7,0
DA:14,0
DA:26,0
DA:38,0
DA:48,0
DA:60,0
DA:70,0
LF:7
LH:0
BRF:0
BRH:0
end_of_record
TN:
SF:server/routes/companies.ts
FNF:0
FNH:0
DA:7,0
DA:14,0
DA:26,0
DA:38,0
DA:48,0
DA:58,0
DA:70,0
DA:83,0
DA:96,0
LF:9
LH:0
BRF:0
BRH:0
end_of_record
TN:
SF:server/routes/users.ts
FNF:0
FNH:0
DA:6,0
DA:13,0
LF:2
LH:0
BRF:0
BRH:0
end_of_record
TN:
SF:server/services/adminService.ts
FN:8,(anonymous_0)
FN:36,(anonymous_1)
FN:89,(anonymous_2)
FN:116,(anonymous_3)
FN:144,(anonymous_4)
FN:171,(anonymous_5)
FN:193,(anonymous_6)
FN:218,(anonymous_7)
FN:250,(anonymous_8)
FNF:9
FNH:0
FNDA:0,(anonymous_0)
FNDA:0,(anonymous_1)
FNDA:0,(anonymous_2)
FNDA:0,(anonymous_3)
FNDA:0,(anonymous_4)
FNDA:0,(anonymous_5)
FNDA:0,(anonymous_6)
FNDA:0,(anonymous_7)
FNDA:0,(anonymous_8)
DA:9,0
DA:10,0
DA:11,0
DA:12,0
DA:13,0
DA:15,0
DA:25,0
DA:26,0
DA:37,0
DA:39,0
DA:41,0
DA:42,0
DA:43,0
DA:45,0
DA:50,0
DA:52,0
DA:55,0
DA:56,0
DA:57,0
DA:67,0
DA:73,0
DA:78,0
DA:79,0
DA:90,0
DA:91,0
DA:93,0
DA:94,0
DA:100,0
DA:105,0
DA:106,0
DA:117,0
DA:119,0
DA:120,0
DA:126,0
DA:128,0
DA:133,0
DA:134,0
DA:145,0
DA:146,0
DA:148,0
DA:149,0
DA:155,0
DA:160,0
DA:161,0
DA:172,0
DA:173,0
DA:177,0
DA:182,0
DA:183,0
DA:194,0
DA:195,0
DA:196,0
DA:197,0
DA:200,0
DA:202,0
DA:207,0
DA:208,0
DA:224,0
DA:225,0
DA:226,0
DA:227,0
DA:229,0
DA:239,0
DA:240,0
DA:254,0
DA:258,0
DA:263,0
DA:264,0
LF:68
LH:0
BRDA:41,0,0,0
BRDA:41,0,1,0
BRDA:55,1,0,0
BRDA:93,2,0,0
BRDA:119,3,0,0
BRDA:148,4,0,0
BRDA:196,5,0,0
BRF:7
BRH:0
end_of_record
TN:
SF:server/services/authService.ts
FN:17,(anonymous_0)
FN:83,(anonymous_1)
FN:124,(anonymous_2)
FN:147,(anonymous_3)
FN:181,(anonymous_4)
FN:210,(anonymous_5)
FN:239,(anonymous_6)
FN:266,(anonymous_7)
FN:289,(anonymous_8)
FNF:9
FNH:0
FNDA:0,(anonymous_0)
FNDA:0,(anonymous_1)
FNDA:0,(anonymous_2)
FNDA:0,(anonymous_3)
FNDA:0,(anonymous_4)
FNDA:0,(anonymous_5)
FNDA:0,(anonymous_6)
FNDA:0,(anonymous_7)
FNDA:0,(anonymous_8)
DA:7,0
DA:8,0
DA:9,0
DA:10,0
DA:18,0
DA:19,0
DA:22,0
DA:24,0
DA:25,0
DA:32,0
DA:34,0
DA:35,0
DA:42,0
DA:57,0
DA:67,0
DA:72,0
DA:73,0
DA:84,0
DA:85,0
DA:88,0
DA:89,0
DA:90,0
DA:97,0
DA:98,0
DA:101,0
DA:107,0
DA:113,0
DA:114,0
DA:125,0
DA:131,0
DA:136,0
DA:137,0
DA:148,0
DA:150,0
DA:151,0
DA:153,0
DA:165,0
DA:170,0
DA:171,0
DA:182,0
DA:183,0
DA:185,0
DA:186,0
DA:192,0
DA:194,0
DA:199,0
DA:200,0
DA:211,0
DA:212,0
DA:214,0
DA:215,0
DA:221,0
DA:223,0
DA:228,0
DA:229,0
DA:240,0
DA:241,0
DA:243,0
DA:244,0
DA:250,0
DA:255,0
DA:256,0
DA:267,0
DA:269,0
DA:271,0
DA:273,0
DA:278,0
DA:279,0
DA:290,0
DA:292,0
DA:293,0
DA:294,0
DA:301,0
DA:302,0
DA:303,0
DA:310,0
DA:311,0
DA:314,0
DA:316,0
DA:321,0
DA:322,0
LF:81
LH:0
BRDA:8,0,0,0
BRDA:24,1,0,0
BRDA:34,2,0,0
BRDA:89,3,0,0
BRDA:151,4,0,0
BRDA:185,5,0,0
BRDA:192,6,0,0
BRDA:192,6,1,0
BRDA:214,7,0,0
BRDA:243,8,0,0
BRDA:293,9,0,0
BRDA:302,10,0,0
BRF:12
BRH:0
end_of_record
TN:
SF:server/services/companyService.ts
FN:8,(anonymous_0)
FN:61,(anonymous_1)
FN:88,(anonymous_2)
FN:111,(anonymous_3)
FN:134,(anonymous_4)
FN:161,(anonymous_5)
FN:183,(anonymous_6)
FN:197,(anonymous_7)
FN:219,(anonymous_8)
FNF:9
FNH:0
FNDA:0,(anonymous_0)
FNDA:0,(anonymous_1)
FNDA:0,(anonymous_2)
FNDA:0,(anonymous_3)
FNDA:0,(anonymous_4)
FNDA:0,(anonymous_5)
FNDA:0,(anonymous_6)
FNDA:0,(anonymous_7)
FNDA:0,(anonymous_8)
DA:9,0
DA:11,0
DA:13,0
DA:14,0
DA:15,0
DA:17,0
DA:22,0
DA:24,0
DA:27,0
DA:28,0
DA:29,0
DA:39,0
DA:45,0
DA:50,0
DA:51,0
DA:62,0
DA:63,0
DA:65,0
DA:66,0
DA:72,0
DA:77,0
DA:78,0
DA:89,0
DA:90,0
DA:95,0
DA:100,0
DA:101,0
DA:112,0
DA:114,0
DA:116,0
DA:118,0
DA:123,0
DA:124,0
DA:135,0
DA:136,0
DA:138,0
DA:139,0
DA:145,0
DA:150,0
DA:151,0
DA:162,0
DA:163,0
DA:167,0
DA:172,0
DA:173,0
DA:184,0
DA:187,0
DA:188,0
DA:192,0
DA:197,0
DA:198,0
DA:203,0
DA:208,0
DA:209,0
DA:225,0
DA:226,0
DA:227,0
DA:228,0
DA:229,0
DA:231,0
DA:241,0
DA:242,0
LF:62
LH:0
BRDA:13,0,0,0
BRDA:13,0,1,0
BRDA:27,1,0,0
BRDA:65,2,0,0
BRDA:138,3,0,0
BRDA:187,4,0,0
BRDA:187,4,1,0
BRDA:198,5,0,0
BRDA:198,5,1,0
BRDA:198,5,2,0
BRF:10
BRH:0
end_of_record
TN:
SF:src/integrations/postgresql/config.ts
FN:34,(anonymous_0)
FN:44,(anonymous_1)
FN:48,(anonymous_2)
FN:52,(anonymous_3)
FN:57,(anonymous_4)
FN:70,(anonymous_5)
FNF:6
FNH:0
FNDA:0,(anonymous_0)
FNDA:0,(anonymous_1)
FNDA:0,(anonymous_2)
FNDA:0,(anonymous_3)
FNDA:0,(anonymous_4)
FNDA:0,(anonymous_5)
DA:4,0
DA:7,0
DA:8,0
DA:9,0
DA:10,0
DA:11,0
DA:16,0
DA:17,0
DA:18,0
DA:21,0
DA:34,0
DA:35,0
DA:37,0
DA:39,0
DA:41,0
DA:44,0
DA:45,0
DA:48,0
DA:49,0
DA:52,0
DA:53,0
DA:57,0
DA:58,0
DA:59,0
DA:60,0
DA:61,0
DA:62,0
DA:64,0
DA:65,0
DA:70,0
DA:71,0
DA:72,0
DA:73,0
DA:75,0
LF:34
LH:0
BRDA:9,0,0,0
BRDA:16,1,0,0
BRDA:16,2,0,0
BRDA:16,2,1,0
BRDA:25,3,0,0
BRDA:25,3,1,0
BRDA:26,4,0,0
BRDA:26,4,1,0
BRDA:27,5,0,0
BRDA:27,5,1,0
BRDA:28,6,0,0
BRDA:28,6,1,0
BRDA:29,7,0,0
BRDA:29,7,1,0
BRDA:30,8,0,0
BRDA:30,8,1,0
BRDA:37,9,0,0
BRF:17
BRH:0
end_of_record
TN:
SF:src/integrations/postgresql/database.ts
FN:10,validateTableName
FN:16,sanitizeColumnNames
FN:25,(anonymous_2)
FN:30,(anonymous_3)
FN:52,(anonymous_4)
FN:65,(anonymous_5)
FN:78,(anonymous_6)
FN:91,(anonymous_7)
FN:105,(anonymous_8)
FN:116,(anonymous_9)
FN:127,(anonymous_10)
FN:149,(anonymous_11)
FN:176,(anonymous_12)
FN:187,(anonymous_13)
FN:200,(anonymous_14)
FN:217,(anonymous_15)
FN:233,(anonymous_16)
FNF:17
FNH:0
FNDA:0,validateTableName
FNDA:0,sanitizeColumnNames
FNDA:0,(anonymous_2)
FNDA:0,(anonymous_3)
FNDA:0,(anonymous_4)
FNDA:0,(anonymous_5)
FNDA:0,(anonymous_6)
FNDA:0,(anonymous_7)
FNDA:0,(anonymous_8)
FNDA:0,(anonymous_9)
FNDA:0,(anonymous_10)
FNDA:0,(anonymous_11)
FNDA:0,(anonymous_12)
FNDA:0,(anonymous_13)
FNDA:0,(anonymous_14)
FNDA:0,(anonymous_15)
FNDA:0,(anonymous_16)
DA:4,0
DA:11,0
DA:12,0
DA:17,0
DA:25,0
DA:32,0
DA:36,0
DA:39,0
DA:40,0
DA:41,0
DA:42,0
DA:43,0
DA:44,0
DA:46,0
DA:47,0
DA:53,0
DA:54,0
DA:57,0
DA:58,0
DA:60,0
DA:61,0
DA:64,0
DA:65,0
DA:67,0
DA:73,0
DA:74,0
DA:79,0
DA:80,0
DA:83,0
DA:84,0
DA:86,0
DA:87,0
DA:90,0
DA:91,0
DA:93,0
DA:100,0
DA:101,0
DA:106,0
DA:107,0
DA:110,0
DA:111,0
DA:112,0
DA:117,0
DA:118,0
DA:121,0
DA:122,0
DA:123,0
DA:128,0
DA:129,0
DA:132,0
DA:135,0
DA:136,0
DA:137,0
DA:138,0
DA:139,0
DA:143,0
DA:144,0
DA:145,0
DA:147,0
DA:148,0
DA:150,0
DA:151,0
DA:152,0
DA:154,0
DA:157,0
DA:158,0
DA:161,0
DA:162,0
DA:163,0
DA:166,0
DA:167,0
DA:168,0
DA:171,0
DA:172,0
DA:177,0
DA:178,0
DA:181,0
DA:182,0
DA:183,0
DA:188,0
DA:189,0
DA:192,0
DA:194,0
DA:195,0
DA:196,0
DA:198,0
DA:199,0
DA:201,0
DA:202,0
DA:203,0
DA:205,0
DA:208,0
DA:209,0
DA:212,0
DA:213,0
DA:218,0
DA:219,0
DA:220,0
DA:221,0
DA:222,0
DA:223,0
DA:225,0
DA:226,0
DA:228,0
DA:234,0
DA:235,0
DA:236,0
DA:238,0
DA:239,0
LF:109
LH:0
BRDA:11,0,0,0
BRDA:11,1,0,0
BRDA:11,1,1,0
BRDA:32,2,0,0
BRDA:32,3,0,0
BRDA:32,3,1,0
BRDA:32,3,2,0
BRDA:32,3,3,0
BRDA:53,4,0,0
BRDA:60,5,0,0
BRDA:79,6,0,0
BRDA:86,7,0,0
BRDA:106,8,0,0
BRDA:117,9,0,0
BRDA:123,10,0,0
BRDA:123,10,1,0
BRDA:127,11,0,0
BRDA:128,12,0,0
BRDA:132,13,0,0
BRDA:132,14,0,0
BRDA:136,15,0,0
BRDA:136,16,0,0
BRDA:136,16,1,0
BRDA:138,17,0,0
BRDA:147,18,0,0
BRDA:151,19,0,0
BRDA:161,20,0,0
BRDA:161,21,0,0
BRDA:161,21,1,0
BRDA:161,21,2,0
BRDA:161,21,3,0
BRDA:166,22,0,0
BRDA:166,23,0,0
BRDA:166,23,1,0
BRDA:166,23,2,0
BRDA:176,24,0,0
BRDA:177,25,0,0
BRDA:181,26,0,0
BRDA:181,27,0,0
BRDA:183,28,0,0
BRDA:183,28,1,0
BRDA:187,29,0,0
BRDA:188,30,0,0
BRDA:192,31,0,0
BRDA:198,32,0,0
BRDA:202,33,0,0
BRF:46
BRH:0
end_of_record
